clang++  -fopenmp -fopenmp-targets=amdgcn-amd-amdhsa -Xopenmp-target=amdgcn-amd-amdhsa -march=gfx908 -I./meschach_lib -I./meschach_lib -I./meschach_lib -I./meschach_lib -I./meschach_lib -I./meschach_lib -I./meschach_lib -I./meschach_lib -D__STRICT_ANSI__ -D__STRICT_ANSI__ -D__STRICT_ANSI__ -D__STRICT_ANSI__ -D__STRICT_ANSI__ -D__STRICT_ANSI__ -D__STRICT_ANSI__ -D__STRICT_ANSI__ -O3 -O3 -O3 -O3 -O3 -O3 -O3 -O3 detect_main.c -c
clang++: warning: treating 'c' input as 'c++' when in C++ mode, this behavior is deprecated [-Wdeprecated]
In file included from detect_main.c:2:
In file included from ./track_ellipse.h:4:
In file included from ./find_ellipse.h:5:
In file included from ./meschach_lib/matrix.h:38:
In file included from ./meschach_lib/err.h:37:
./meschach_lib/machine.h:191:12: error: 'isatty' is missing exception specification 'throw()'
  191 | extern  int     isatty(int);
      |                 ^          
      |                             throw()
./meschach_lib/machine.h:191:12: note: previous declaration is here
  191 | extern  int     isatty(int);
      |                 ^
In file included from detect_main.c:2:
In file included from ./track_ellipse.h:4:
In file included from ./find_ellipse.h:5:
./meschach_lib/matrix.h:203:8: error: a type specifier is required for all declarations
  203 | extern  m_free(MAT *),v_free(VEC *),px_free(PERM *);
      | ~~~~~~  ^
In file included from detect_main.c:2:
In file included from ./track_ellipse.h:4:
In file included from ./find_ellipse.h:7:
In file included from /home/ga27mex2/spack_rome2/spack/opt/spack/linux-sle_hpc15-zen2/gcc-13.1.0/gcc-14.2.0-xlpqn36xkc4cerhd6hjcatncxwe362si/lib/gcc/x86_64-pc-linux-gnu/14.2.0/../../../../include/c++/14.2.0/math.h:36:
In file included from /home/ga27mex2/spack_rome2/spack/opt/spack/linux-sle_hpc15-zen2/gcc-13.1.0/gcc-14.2.0-xlpqn36xkc4cerhd6hjcatncxwe362si/lib/gcc/x86_64-pc-linux-gnu/14.2.0/../../../../include/c++/14.2.0/cmath:3898:
In file included from /home/ga27mex2/spack_rome2/spack/opt/spack/linux-sle_hpc15-zen2/gcc-13.1.0/gcc-14.2.0-xlpqn36xkc4cerhd6hjcatncxwe362si/lib/gcc/x86_64-pc-linux-gnu/14.2.0/../../../../include/c++/14.2.0/bits/specfun.h:43:
/home/ga27mex2/spack_rome2/spack/opt/spack/linux-sle_hpc15-zen2/gcc-13.1.0/gcc-14.2.0-xlpqn36xkc4cerhd6hjcatncxwe362si/lib/gcc/x86_64-pc-linux-gnu/14.2.0/../../../../include/c++/14.2.0/bits/stl_algobase.h:233:9: error: expected unqualified-id
  233 |     min(const _Tp& __a, const _Tp& __b)
      |         ^
/home/ga27mex2/spack_rome2/spack/opt/spack/linux-sle_hpc15-zen2/gcc-13.1.0/gcc-14.2.0-xlpqn36xkc4cerhd6hjcatncxwe362si/lib/gcc/x86_64-pc-linux-gnu/14.2.0/../../../../include/c++/14.2.0/bits/stl_algobase.h:233:9: error: expected ')'
/home/ga27mex2/spack_rome2/spack/opt/spack/linux-sle_hpc15-zen2/gcc-13.1.0/gcc-14.2.0-xlpqn36xkc4cerhd6hjcatncxwe362si/lib/gcc/x86_64-pc-linux-gnu/14.2.0/../../../../include/c++/14.2.0/bits/stl_algobase.h:233:5: note: to match this '('
  233 |     min(const _Tp& __a, const _Tp& __b)
      |     ^
./meschach_lib/matrix.h:156:19: note: expanded from macro 'min'
  156 | #define min(a,b)        ((a) > (b) ? (b) : (a))
      |                          ^
In file included from detect_main.c:2:
In file included from ./track_ellipse.h:4:
In file included from ./find_ellipse.h:7:
In file included from /home/ga27mex2/spack_rome2/spack/opt/spack/linux-sle_hpc15-zen2/gcc-13.1.0/gcc-14.2.0-xlpqn36xkc4cerhd6hjcatncxwe362si/lib/gcc/x86_64-pc-linux-gnu/14.2.0/../../../../include/c++/14.2.0/math.h:36:
In file included from /home/ga27mex2/spack_rome2/spack/opt/spack/linux-sle_hpc15-zen2/gcc-13.1.0/gcc-14.2.0-xlpqn36xkc4cerhd6hjcatncxwe362si/lib/gcc/x86_64-pc-linux-gnu/14.2.0/../../../../include/c++/14.2.0/cmath:3898:
In file included from /home/ga27mex2/spack_rome2/spack/opt/spack/linux-sle_hpc15-zen2/gcc-13.1.0/gcc-14.2.0-xlpqn36xkc4cerhd6hjcatncxwe362si/lib/gcc/x86_64-pc-linux-gnu/14.2.0/../../../../include/c++/14.2.0/bits/specfun.h:43:
/home/ga27mex2/spack_rome2/spack/opt/spack/linux-sle_hpc15-zen2/gcc-13.1.0/gcc-14.2.0-xlpqn36xkc4cerhd6hjcatncxwe362si/lib/gcc/x86_64-pc-linux-gnu/14.2.0/../../../../include/c++/14.2.0/bits/stl_algobase.h:233:5: error: expected ')'
  233 |     min(const _Tp& __a, const _Tp& __b)
      |     ^
./meschach_lib/matrix.h:156:23: note: expanded from macro 'min'
  156 | #define min(a,b)        ((a) > (b) ? (b) : (a))
      |                              ^
/home/ga27mex2/spack_rome2/spack/opt/spack/linux-sle_hpc15-zen2/gcc-13.1.0/gcc-14.2.0-xlpqn36xkc4cerhd6hjcatncxwe362si/lib/gcc/x86_64-pc-linux-gnu/14.2.0/../../../../include/c++/14.2.0/bits/stl_algobase.h:233:5: note: to match this '('
./meschach_lib/matrix.h:156:18: note: expanded from macro 'min'
  156 | #define min(a,b)        ((a) > (b) ? (b) : (a))
      |                         ^
In file included from detect_main.c:2:
In file included from ./track_ellipse.h:4:
In file included from ./find_ellipse.h:7:
In file included from /home/ga27mex2/spack_rome2/spack/opt/spack/linux-sle_hpc15-zen2/gcc-13.1.0/gcc-14.2.0-xlpqn36xkc4cerhd6hjcatncxwe362si/lib/gcc/x86_64-pc-linux-gnu/14.2.0/../../../../include/c++/14.2.0/math.h:36:
In file included from /home/ga27mex2/spack_rome2/spack/opt/spack/linux-sle_hpc15-zen2/gcc-13.1.0/gcc-14.2.0-xlpqn36xkc4cerhd6hjcatncxwe362si/lib/gcc/x86_64-pc-linux-gnu/14.2.0/../../../../include/c++/14.2.0/cmath:3898:
In file included from /home/ga27mex2/spack_rome2/spack/opt/spack/linux-sle_hpc15-zen2/gcc-13.1.0/gcc-14.2.0-xlpqn36xkc4cerhd6hjcatncxwe362si/lib/gcc/x86_64-pc-linux-gnu/14.2.0/../../../../include/c++/14.2.0/bits/specfun.h:43:
/home/ga27mex2/spack_rome2/spack/opt/spack/linux-sle_hpc15-zen2/gcc-13.1.0/gcc-14.2.0-xlpqn36xkc4cerhd6hjcatncxwe362si/lib/gcc/x86_64-pc-linux-gnu/14.2.0/../../../../include/c++/14.2.0/bits/stl_algobase.h:257:9: error: expected unqualified-id
  257 |     max(const _Tp& __a, const _Tp& __b)
      |         ^
/home/ga27mex2/spack_rome2/spack/opt/spack/linux-sle_hpc15-zen2/gcc-13.1.0/gcc-14.2.0-xlpqn36xkc4cerhd6hjcatncxwe362si/lib/gcc/x86_64-pc-linux-gnu/14.2.0/../../../../include/c++/14.2.0/bits/stl_algobase.h:257:9: error: expected ')'
/home/ga27mex2/spack_rome2/spack/opt/spack/linux-sle_hpc15-zen2/gcc-13.1.0/gcc-14.2.0-xlpqn36xkc4cerhd6hjcatncxwe362si/lib/gcc/x86_64-pc-linux-gnu/14.2.0/../../../../include/c++/14.2.0/bits/stl_algobase.h:257:5: note: to match this '('
  257 |     max(const _Tp& __a, const _Tp& __b)
      |     ^
./meschach_lib/matrix.h:153:19: note: expanded from macro 'max'
  153 | #define max(a,b)        ((a) > (b) ? (a) : (b))
      |                          ^
In file included from detect_main.c:2:
In file included from ./track_ellipse.h:4:
In file included from ./find_ellipse.h:7:
In file included from /home/ga27mex2/spack_rome2/spack/opt/spack/linux-sle_hpc15-zen2/gcc-13.1.0/gcc-14.2.0-xlpqn36xkc4cerhd6hjcatncxwe362si/lib/gcc/x86_64-pc-linux-gnu/14.2.0/../../../../include/c++/14.2.0/math.h:36:
In file included from /home/ga27mex2/spack_rome2/spack/opt/spack/linux-sle_hpc15-zen2/gcc-13.1.0/gcc-14.2.0-xlpqn36xkc4cerhd6hjcatncxwe362si/lib/gcc/x86_64-pc-linux-gnu/14.2.0/../../../../include/c++/14.2.0/cmath:3898:
In file included from /home/ga27mex2/spack_rome2/spack/opt/spack/linux-sle_hpc15-zen2/gcc-13.1.0/gcc-14.2.0-xlpqn36xkc4cerhd6hjcatncxwe362si/lib/gcc/x86_64-pc-linux-gnu/14.2.0/../../../../include/c++/14.2.0/bits/specfun.h:43:
/home/ga27mex2/spack_rome2/spack/opt/spack/linux-sle_hpc15-zen2/gcc-13.1.0/gcc-14.2.0-xlpqn36xkc4cerhd6hjcatncxwe362si/lib/gcc/x86_64-pc-linux-gnu/14.2.0/../../../../include/c++/14.2.0/bits/stl_algobase.h:257:5: error: expected ')'
  257 |     max(const _Tp& __a, const _Tp& __b)
      |     ^
./meschach_lib/matrix.h:153:23: note: expanded from macro 'max'
  153 | #define max(a,b)        ((a) > (b) ? (a) : (b))
      |                              ^
/home/ga27mex2/spack_rome2/spack/opt/spack/linux-sle_hpc15-zen2/gcc-13.1.0/gcc-14.2.0-xlpqn36xkc4cerhd6hjcatncxwe362si/lib/gcc/x86_64-pc-linux-gnu/14.2.0/../../../../include/c++/14.2.0/bits/stl_algobase.h:257:5: note: to match this '('
./meschach_lib/matrix.h:153:18: note: expanded from macro 'max'
  153 | #define max(a,b)        ((a) > (b) ? (a) : (b))
      |                         ^
In file included from detect_main.c:2:
In file included from ./track_ellipse.h:4:
In file included from ./find_ellipse.h:7:
In file included from /home/ga27mex2/spack_rome2/spack/opt/spack/linux-sle_hpc15-zen2/gcc-13.1.0/gcc-14.2.0-xlpqn36xkc4cerhd6hjcatncxwe362si/lib/gcc/x86_64-pc-linux-gnu/14.2.0/../../../../include/c++/14.2.0/math.h:36:
In file included from /home/ga27mex2/spack_rome2/spack/opt/spack/linux-sle_hpc15-zen2/gcc-13.1.0/gcc-14.2.0-xlpqn36xkc4cerhd6hjcatncxwe362si/lib/gcc/x86_64-pc-linux-gnu/14.2.0/../../../../include/c++/14.2.0/cmath:3898:
In file included from /home/ga27mex2/spack_rome2/spack/opt/spack/linux-sle_hpc15-zen2/gcc-13.1.0/gcc-14.2.0-xlpqn36xkc4cerhd6hjcatncxwe362si/lib/gcc/x86_64-pc-linux-gnu/14.2.0/../../../../include/c++/14.2.0/bits/specfun.h:43:
/home/ga27mex2/spack_rome2/spack/opt/spack/linux-sle_hpc15-zen2/gcc-13.1.0/gcc-14.2.0-xlpqn36xkc4cerhd6hjcatncxwe362si/lib/gcc/x86_64-pc-linux-gnu/14.2.0/../../../../include/c++/14.2.0/bits/stl_algobase.h:281:41: error: too many arguments provided to function-like macro invocation
  281 |     min(const _Tp& __a, const _Tp& __b, _Compare __comp)
      |                                         ^
./meschach_lib/matrix.h:156:9: note: macro 'min' defined here
  156 | #define min(a,b)        ((a) > (b) ? (b) : (a))
      |         ^
In file included from detect_main.c:2:
In file included from ./track_ellipse.h:4:
In file included from ./find_ellipse.h:7:
In file included from /home/ga27mex2/spack_rome2/spack/opt/spack/linux-sle_hpc15-zen2/gcc-13.1.0/gcc-14.2.0-xlpqn36xkc4cerhd6hjcatncxwe362si/lib/gcc/x86_64-pc-linux-gnu/14.2.0/../../../../include/c++/14.2.0/math.h:36:
In file included from /home/ga27mex2/spack_rome2/spack/opt/spack/linux-sle_hpc15-zen2/gcc-13.1.0/gcc-14.2.0-xlpqn36xkc4cerhd6hjcatncxwe362si/lib/gcc/x86_64-pc-linux-gnu/14.2.0/../../../../include/c++/14.2.0/cmath:3898:
In file included from /home/ga27mex2/spack_rome2/spack/opt/spack/linux-sle_hpc15-zen2/gcc-13.1.0/gcc-14.2.0-xlpqn36xkc4cerhd6hjcatncxwe362si/lib/gcc/x86_64-pc-linux-gnu/14.2.0/../../../../include/c++/14.2.0/bits/specfun.h:43:
/home/ga27mex2/spack_rome2/spack/opt/spack/linux-sle_hpc15-zen2/gcc-13.1.0/gcc-14.2.0-xlpqn36xkc4cerhd6hjcatncxwe362si/lib/gcc/x86_64-pc-linux-gnu/14.2.0/../../../../include/c++/14.2.0/bits/stl_algobase.h:284:7: error: expected expression
  284 |       if (__comp(__b, __a))
      |       ^
/home/ga27mex2/spack_rome2/spack/opt/spack/linux-sle_hpc15-zen2/gcc-13.1.0/gcc-14.2.0-xlpqn36xkc4cerhd6hjcatncxwe362si/lib/gcc/x86_64-pc-linux-gnu/14.2.0/../../../../include/c++/14.2.0/bits/stl_algobase.h:287:6: error: expected ';' after top level declarator
  287 |     }
      |      ^
/home/ga27mex2/spack_rome2/spack/opt/spack/linux-sle_hpc15-zen2/gcc-13.1.0/gcc-14.2.0-xlpqn36xkc4cerhd6hjcatncxwe362si/lib/gcc/x86_64-pc-linux-gnu/14.2.0/../../../../include/c++/14.2.0/bits/stl_algobase.h:303:41: error: too many arguments provided to function-like macro invocation
  303 |     max(const _Tp& __a, const _Tp& __b, _Compare __comp)
      |                                         ^
./meschach_lib/matrix.h:153:9: note: macro 'max' defined here
  153 | #define max(a,b)        ((a) > (b) ? (a) : (b))
      |         ^
In file included from detect_main.c:2:
In file included from ./track_ellipse.h:4:
In file included from ./find_ellipse.h:7:
In file included from /home/ga27mex2/spack_rome2/spack/opt/spack/linux-sle_hpc15-zen2/gcc-13.1.0/gcc-14.2.0-xlpqn36xkc4cerhd6hjcatncxwe362si/lib/gcc/x86_64-pc-linux-gnu/14.2.0/../../../../include/c++/14.2.0/math.h:36:
In file included from /home/ga27mex2/spack_rome2/spack/opt/spack/linux-sle_hpc15-zen2/gcc-13.1.0/gcc-14.2.0-xlpqn36xkc4cerhd6hjcatncxwe362si/lib/gcc/x86_64-pc-linux-gnu/14.2.0/../../../../include/c++/14.2.0/cmath:3898:
In file included from /home/ga27mex2/spack_rome2/spack/opt/spack/linux-sle_hpc15-zen2/gcc-13.1.0/gcc-14.2.0-xlpqn36xkc4cerhd6hjcatncxwe362si/lib/gcc/x86_64-pc-linux-gnu/14.2.0/../../../../include/c++/14.2.0/bits/specfun.h:43:
/home/ga27mex2/spack_rome2/spack/opt/spack/linux-sle_hpc15-zen2/gcc-13.1.0/gcc-14.2.0-xlpqn36xkc4cerhd6hjcatncxwe362si/lib/gcc/x86_64-pc-linux-gnu/14.2.0/../../../../include/c++/14.2.0/bits/stl_algobase.h:1389:34: error: expected unqualified-id
 1389 |           if (const size_t __len = std::min(__len1, __len2))
      |                                         ^
./meschach_lib/matrix.h:156:18: note: expanded from macro 'min'
  156 | #define min(a,b)        ((a) > (b) ? (b) : (a))
      |                         ^
In file included from detect_main.c:2:
In file included from ./track_ellipse.h:4:
In file included from ./find_ellipse.h:7:
In file included from /home/ga27mex2/spack_rome2/spack/opt/spack/linux-sle_hpc15-zen2/gcc-13.1.0/gcc-14.2.0-xlpqn36xkc4cerhd6hjcatncxwe362si/lib/gcc/x86_64-pc-linux-gnu/14.2.0/../../../../include/c++/14.2.0/math.h:36:
In file included from /home/ga27mex2/spack_rome2/spack/opt/spack/linux-sle_hpc15-zen2/gcc-13.1.0/gcc-14.2.0-xlpqn36xkc4cerhd6hjcatncxwe362si/lib/gcc/x86_64-pc-linux-gnu/14.2.0/../../../../include/c++/14.2.0/cmath:3898:
In file included from /home/ga27mex2/spack_rome2/spack/opt/spack/linux-sle_hpc15-zen2/gcc-13.1.0/gcc-14.2.0-xlpqn36xkc4cerhd6hjcatncxwe362si/lib/gcc/x86_64-pc-linux-gnu/14.2.0/../../../../include/c++/14.2.0/bits/specfun.h:44:
/home/ga27mex2/spack_rome2/spack/opt/spack/linux-sle_hpc15-zen2/gcc-13.1.0/gcc-14.2.0-xlpqn36xkc4cerhd6hjcatncxwe362si/lib/gcc/x86_64-pc-linux-gnu/14.2.0/../../../../include/c++/14.2.0/limits:317:11: error: too few arguments provided to function-like macro invocation
  317 |       min() _GLIBCXX_USE_NOEXCEPT { return _Tp(); }
      |           ^
./meschach_lib/matrix.h:156:9: note: macro 'min' defined here
  156 | #define min(a,b)        ((a) > (b) ? (b) : (a))
      |         ^
In file included from detect_main.c:2:
In file included from ./track_ellipse.h:4:
In file included from ./find_ellipse.h:7:
In file included from /home/ga27mex2/spack_rome2/spack/opt/spack/linux-sle_hpc15-zen2/gcc-13.1.0/gcc-14.2.0-xlpqn36xkc4cerhd6hjcatncxwe362si/lib/gcc/x86_64-pc-linux-gnu/14.2.0/../../../../include/c++/14.2.0/math.h:36:
In file included from /home/ga27mex2/spack_rome2/spack/opt/spack/linux-sle_hpc15-zen2/gcc-13.1.0/gcc-14.2.0-xlpqn36xkc4cerhd6hjcatncxwe362si/lib/gcc/x86_64-pc-linux-gnu/14.2.0/../../../../include/c++/14.2.0/cmath:3898:
In file included from /home/ga27mex2/spack_rome2/spack/opt/spack/linux-sle_hpc15-zen2/gcc-13.1.0/gcc-14.2.0-xlpqn36xkc4cerhd6hjcatncxwe362si/lib/gcc/x86_64-pc-linux-gnu/14.2.0/../../../../include/c++/14.2.0/bits/specfun.h:44:
/home/ga27mex2/spack_rome2/spack/opt/spack/linux-sle_hpc15-zen2/gcc-13.1.0/gcc-14.2.0-xlpqn36xkc4cerhd6hjcatncxwe362si/lib/gcc/x86_64-pc-linux-gnu/14.2.0/../../../../include/c++/14.2.0/limits:317:10: error: expected ';' at end of declaration list
  317 |       min() _GLIBCXX_USE_NOEXCEPT { return _Tp(); }
      |          ^
/home/ga27mex2/spack_rome2/spack/opt/spack/linux-sle_hpc15-zen2/gcc-13.1.0/gcc-14.2.0-xlpqn36xkc4cerhd6hjcatncxwe362si/lib/gcc/x86_64-pc-linux-gnu/14.2.0/../../../../include/c++/14.2.0/limits:321:11: error: too few arguments provided to function-like macro invocation
  321 |       max() _GLIBCXX_USE_NOEXCEPT { return _Tp(); }
      |           ^
./meschach_lib/matrix.h:153:9: note: macro 'max' defined here
  153 | #define max(a,b)        ((a) > (b) ? (a) : (b))
      |         ^
In file included from detect_main.c:2:
In file included from ./track_ellipse.h:4:
In file included from ./find_ellipse.h:7:
In file included from /home/ga27mex2/spack_rome2/spack/opt/spack/linux-sle_hpc15-zen2/gcc-13.1.0/gcc-14.2.0-xlpqn36xkc4cerhd6hjcatncxwe362si/lib/gcc/x86_64-pc-linux-gnu/14.2.0/../../../../include/c++/14.2.0/math.h:36:
In file included from /home/ga27mex2/spack_rome2/spack/opt/spack/linux-sle_hpc15-zen2/gcc-13.1.0/gcc-14.2.0-xlpqn36xkc4cerhd6hjcatncxwe362si/lib/gcc/x86_64-pc-linux-gnu/14.2.0/../../../../include/c++/14.2.0/cmath:3898:
In file included from /home/ga27mex2/spack_rome2/spack/opt/spack/linux-sle_hpc15-zen2/gcc-13.1.0/gcc-14.2.0-xlpqn36xkc4cerhd6hjcatncxwe362si/lib/gcc/x86_64-pc-linux-gnu/14.2.0/../../../../include/c++/14.2.0/bits/specfun.h:44:
/home/ga27mex2/spack_rome2/spack/opt/spack/linux-sle_hpc15-zen2/gcc-13.1.0/gcc-14.2.0-xlpqn36xkc4cerhd6hjcatncxwe362si/lib/gcc/x86_64-pc-linux-gnu/14.2.0/../../../../include/c++/14.2.0/limits:389:11: error: too few arguments provided to function-like macro invocation
  389 |       min() _GLIBCXX_USE_NOEXCEPT { return false; }
      |           ^
./meschach_lib/matrix.h:156:9: note: macro 'min' defined here
  156 | #define min(a,b)        ((a) > (b) ? (b) : (a))
      |         ^
In file included from detect_main.c:2:
In file included from ./track_ellipse.h:4:
In file included from ./find_ellipse.h:7:
In file included from /home/ga27mex2/spack_rome2/spack/opt/spack/linux-sle_hpc15-zen2/gcc-13.1.0/gcc-14.2.0-xlpqn36xkc4cerhd6hjcatncxwe362si/lib/gcc/x86_64-pc-linux-gnu/14.2.0/../../../../include/c++/14.2.0/math.h:36:
In file included from /home/ga27mex2/spack_rome2/spack/opt/spack/linux-sle_hpc15-zen2/gcc-13.1.0/gcc-14.2.0-xlpqn36xkc4cerhd6hjcatncxwe362si/lib/gcc/x86_64-pc-linux-gnu/14.2.0/../../../../include/c++/14.2.0/cmath:3898:
In file included from /home/ga27mex2/spack_rome2/spack/opt/spack/linux-sle_hpc15-zen2/gcc-13.1.0/gcc-14.2.0-xlpqn36xkc4cerhd6hjcatncxwe362si/lib/gcc/x86_64-pc-linux-gnu/14.2.0/../../../../include/c++/14.2.0/bits/specfun.h:44:
/home/ga27mex2/spack_rome2/spack/opt/spack/linux-sle_hpc15-zen2/gcc-13.1.0/gcc-14.2.0-xlpqn36xkc4cerhd6hjcatncxwe362si/lib/gcc/x86_64-pc-linux-gnu/14.2.0/../../../../include/c++/14.2.0/limits:389:7: error: constexpr variable 'min' must be initialized by a constant expression
  389 |       min() _GLIBCXX_USE_NOEXCEPT { return false; }
      |       ^
/home/ga27mex2/spack_rome2/spack/opt/spack/linux-sle_hpc15-zen2/gcc-13.1.0/gcc-14.2.0-xlpqn36xkc4cerhd6hjcatncxwe362si/lib/gcc/x86_64-pc-linux-gnu/14.2.0/../../../../include/c++/14.2.0/limits:389:10: error: expected ';' at end of declaration list
  389 |       min() _GLIBCXX_USE_NOEXCEPT { return false; }
      |          ^
fatal error: too many errors emitted, stopping now [-ferror-limit=]
20 errors generated.
make: *** [Makefile:56: detect_main.o] Error 1
